<?xml version="1.0" encoding="UTF-8"?>
<testng-results ignored="0" total="1" passed="1" failed="0" skipped="0">
  <reporter-output>
  </reporter-output>
  <suite started-at="2025-08-08T01:27:09 IST" name="Default suite" finished-at="2025-08-08T01:28:03 IST" duration-ms="54898">
    <groups>
    </groups>
    <test started-at="2025-08-08T01:27:09 IST" name="Default test" finished-at="2025-08-08T01:28:03 IST" duration-ms="54898">
      <class name="org.tests.YatraTests">
        <test-method is-config="true" signature="launch()[pri:0, instance:org.tests.YatraTests@5c5eefef]" started-at="2025-08-08T01:26:47 IST" name="launch" finished-at="2025-08-08T01:27:09 IST" duration-ms="21756" status="PASS">
          <reporter-output>
          </reporter-output>
        </test-method> <!-- launch -->
        <test-method signature="testOne()[pri:0, instance:org.tests.YatraTests@5c5eefef]" started-at="2025-08-08T01:27:09 IST" name="testOne" finished-at="2025-08-08T01:28:03 IST" duration-ms="54747" status="PASS">
          <reporter-output>
          </reporter-output>
        </test-method> <!-- testOne -->
      </class> <!-- org.tests.YatraTests -->
    </test> <!-- Default test -->
  </suite> <!-- Default suite -->
</testng-results>
